0 verbose cli /Users/david/.nvm/versions/node/v18.12.1/bin/node /Users/david/.nvm/versions/node/v18.12.1/bin/npm
1 info using npm@8.19.2
2 info using node@v18.12.1
3 timing npm:load:whichnode Completed in 0ms
4 timing config:load:defaults Completed in 1ms
5 timing config:load:file:/Users/david/.nvm/versions/node/v18.12.1/lib/node_modules/npm/npmrc Completed in 0ms
6 timing config:load:builtin Completed in 0ms
7 timing config:load:cli Completed in 1ms
8 timing config:load:env Completed in 0ms
9 timing config:load:file:/Users/david/projects/kcms-bootstrap/.npmrc Completed in 0ms
10 timing config:load:project Completed in 2ms
11 timing config:load:file:/Users/david/.npmrc Completed in 1ms
12 timing config:load:user Completed in 1ms
13 timing config:load:file:/Users/david/.nvm/versions/node/v18.12.1/etc/npmrc Completed in 0ms
14 timing config:load:global Completed in 0ms
15 timing config:load:validate Completed in 0ms
16 timing config:load:credentials Completed in 1ms
17 timing config:load:setEnvs Completed in 0ms
18 timing config:load Completed in 6ms
19 timing npm:load:configload Completed in 6ms
20 timing npm:load:mkdirpcache Completed in 2ms
21 timing npm:load:mkdirplogs Completed in 0ms
22 verbose title npm install
23 verbose argv "install"
24 timing npm:load:setTitle Completed in 5ms
25 timing config:load:flatten Completed in 2ms
26 timing npm:load:display Completed in 2ms
27 verbose logfile logs-max:10 dir:/Users/david/projects/kcms-bootstrap/npm-cache/_logs
28 verbose logfile /Users/david/projects/kcms-bootstrap/npm-cache/_logs/2023-06-15T11_21_27_912Z-debug-0.log
29 timing npm:load:logFile Completed in 2ms
30 timing npm:load:timers Completed in 1ms
31 timing npm:load:configScope Completed in 0ms
32 timing npm:load Completed in 18ms
33 timing arborist:ctor Completed in 0ms
34 silly logfile done cleaning log files
35 timing idealTree:init Completed in 81ms
36 timing idealTree:userRequests Completed in 0ms
37 silly idealTree buildDeps
38 timing idealTree:#root Completed in 1ms
39 timing idealTree:buildDeps Completed in 1ms
40 timing idealTree:fixDepFlags Completed in 0ms
41 timing idealTree Completed in 84ms
42 timing arborist:ctor Completed in 0ms
43 timing reify:loadTrees Completed in 131ms
44 timing reify:diffTrees Completed in 7ms
45 silly reify moves {}
46 timing reify:retireShallow Completed in 0ms
47 timing reify:createSparse Completed in 0ms
48 timing reify:loadBundles Completed in 0ms
49 silly audit bulk request {
49 silly audit   '@ampproject/remapping': [ '2.2.0' ],
49 silly audit   '@jridgewell/gen-mapping': [ '0.1.1', '0.3.2' ],
49 silly audit   '@aws-cdk/asset-awscli-v1': [ '2.2.108' ],
49 silly audit   '@aws-cdk/asset-kubectl-v20': [ '2.1.1' ],
49 silly audit   '@aws-cdk/asset-node-proxy-agent-v5': [ '2.0.87' ],
49 silly audit   '@babel/code-frame': [ '7.18.6' ],
49 silly audit   '@babel/compat-data': [ '7.21.0' ],
49 silly audit   '@babel/core': [ '7.21.3' ],
49 silly audit   '@babel/generator': [ '7.21.3' ],
49 silly audit   '@babel/helper-compilation-targets': [ '7.20.7' ],
49 silly audit   'lru-cache': [ '5.1.1', '6.0.0' ],
49 silly audit   yallist: [ '3.1.1', '4.0.0' ],
49 silly audit   '@babel/helper-environment-visitor': [ '7.18.9' ],
49 silly audit   '@babel/helper-function-name': [ '7.21.0' ],
49 silly audit   '@babel/helper-hoist-variables': [ '7.18.6' ],
49 silly audit   '@babel/helper-module-imports': [ '7.18.6' ],
49 silly audit   '@babel/helper-module-transforms': [ '7.21.2' ],
49 silly audit   '@babel/helper-plugin-utils': [ '7.20.2' ],
49 silly audit   '@babel/helper-simple-access': [ '7.20.2' ],
49 silly audit   '@babel/helper-split-export-declaration': [ '7.18.6' ],
49 silly audit   '@babel/helper-string-parser': [ '7.19.4' ],
49 silly audit   '@babel/helper-validator-identifier': [ '7.19.1' ],
49 silly audit   '@babel/helper-validator-option': [ '7.21.0' ],
49 silly audit   '@babel/helpers': [ '7.21.0' ],
49 silly audit   '@babel/highlight': [ '7.18.6' ],
49 silly audit   'ansi-styles': [ '3.2.1', '4.3.0', '5.2.0' ],
49 silly audit   chalk: [ '2.4.2', '4.1.2' ],
49 silly audit   'color-convert': [ '1.9.3', '2.0.1' ],
49 silly audit   'color-name': [ '1.1.3', '1.1.4' ],
49 silly audit   'escape-string-regexp': [ '1.0.5', '2.0.0' ],
49 silly audit   'has-flag': [ '3.0.0', '4.0.0' ],
49 silly audit   'supports-color': [ '5.5.0', '8.1.1', '7.2.0' ],
49 silly audit   '@babel/parser': [ '7.21.3' ],
49 silly audit   '@babel/plugin-syntax-async-generators': [ '7.8.4' ],
49 silly audit   '@babel/plugin-syntax-bigint': [ '7.8.3' ],
49 silly audit   '@babel/plugin-syntax-class-properties': [ '7.12.13' ],
49 silly audit   '@babel/plugin-syntax-import-meta': [ '7.10.4' ],
49 silly audit   '@babel/plugin-syntax-json-strings': [ '7.8.3' ],
49 silly audit   '@babel/plugin-syntax-jsx': [ '7.18.6' ],
49 silly audit   '@babel/plugin-syntax-logical-assignment-operators': [ '7.10.4' ],
49 silly audit   '@babel/plugin-syntax-nullish-coalescing-operator': [ '7.8.3' ],
49 silly audit   '@babel/plugin-syntax-numeric-separator': [ '7.10.4' ],
49 silly audit   '@babel/plugin-syntax-object-rest-spread': [ '7.8.3' ],
49 silly audit   '@babel/plugin-syntax-optional-catch-binding': [ '7.8.3' ],
49 silly audit   '@babel/plugin-syntax-optional-chaining': [ '7.8.3' ],
49 silly audit   '@babel/plugin-syntax-top-level-await': [ '7.14.5' ],
49 silly audit   '@babel/plugin-syntax-typescript': [ '7.20.0' ],
49 silly audit   '@babel/template': [ '7.20.7' ],
49 silly audit   '@babel/traverse': [ '7.21.3' ],
49 silly audit   '@babel/types': [ '7.21.3' ],
49 silly audit   '@bcoe/v8-coverage': [ '0.2.3' ],
49 silly audit   '@cspotcode/source-map-support': [ '0.8.1' ],
49 silly audit   '@jridgewell/trace-mapping': [ '0.3.9', '0.3.17' ],
49 silly audit   '@istanbuljs/load-nyc-config': [ '1.1.0' ],
49 silly audit   argparse: [ '1.0.10', '2.0.1' ],
49 silly audit   camelcase: [ '5.3.1', '6.3.0' ],
49 silly audit   'js-yaml': [ '3.14.1', '4.1.0' ],
49 silly audit   '@istanbuljs/schema': [ '0.1.3' ],
49 silly audit   '@jest/console': [ '29.5.0' ],
49 silly audit   '@jest/core': [ '29.5.0' ],
49 silly audit   '@jest/environment': [ '29.5.0' ],
49 silly audit   '@jest/expect': [ '29.5.0' ],
49 silly audit   '@jest/expect-utils': [ '29.5.0' ],
49 silly audit   '@jest/fake-timers': [ '29.5.0' ],
49 silly audit   '@jest/globals': [ '29.5.0' ],
49 silly audit   '@jest/reporters': [ '29.5.0' ],
49 silly audit   '@jest/schemas': [ '29.4.3' ],
49 silly audit   '@jest/source-map': [ '29.4.3' ],
49 silly audit   '@jest/test-result': [ '29.5.0' ],
49 silly audit   '@jest/test-sequencer': [ '29.5.0' ],
49 silly audit   '@jest/transform': [ '29.5.0' ],
49 silly audit   'convert-source-map': [ '2.0.0', '1.9.0' ],
49 silly audit   '@jest/types': [ '29.5.0' ],
49 silly audit   '@jridgewell/resolve-uri': [ '3.1.0' ],
49 silly audit   '@jridgewell/set-array': [ '1.1.2' ],
49 silly audit   '@jridgewell/sourcemap-codec': [ '1.4.14' ],
49 silly audit   '@sinclair/typebox': [ '0.25.24' ],
49 silly audit   '@sinonjs/commons': [ '2.0.0' ],
49 silly audit   '@sinonjs/fake-timers': [ '10.0.2' ],
49 silly audit   '@tsconfig/node10': [ '1.0.9' ],
49 silly audit   '@tsconfig/node12': [ '1.0.11' ],
49 silly audit   '@tsconfig/node14': [ '1.0.3' ],
49 silly audit   '@tsconfig/node16': [ '1.0.3' ],
49 silly audit   '@types/babel__core': [ '7.20.0' ],
49 silly audit   '@types/babel__generator': [ '7.6.4' ],
49 silly audit   '@types/babel__template': [ '7.4.1' ],
49 silly audit   '@types/babel__traverse': [ '7.18.3' ],
49 silly audit   '@types/graceful-fs': [ '4.1.6' ],
49 silly audit   '@types/istanbul-lib-coverage': [ '2.0.4' ],
49 silly audit   '@types/istanbul-lib-report': [ '3.0.0' ],
49 silly audit   '@types/istanbul-reports': [ '3.0.1' ],
49 silly audit   '@types/jest': [ '29.5.1' ],
49 silly audit   '@types/js-yaml': [ '4.0.5' ],
49 silly audit   '@types/node': [ '18.16.3' ],
49 silly audit   '@types/prettier': [ '2.7.2' ],
49 silly audit   '@types/stack-utils': [ '2.0.1' ],
49 silly audit   '@types/yargs': [ '17.0.22' ],
49 silly audit   '@types/yargs-parser': [ '21.0.0' ],
49 silly audit   acorn: [ '8.8.2' ],
49 silly audit   'acorn-walk': [ '8.2.0' ],
49 silly audit   'ansi-escapes': [ '4.3.2' ],
49 silly audit   'ansi-regex': [ '5.0.1' ],
49 silly audit   anymatch: [ '3.1.3' ],
49 silly audit   arg: [ '4.1.3' ],
49 silly audit   'aws-cdk': [ '2.77.0' ],
49 silly audit   'aws-cdk-lib': [ '2.77.0' ],
49 silly audit   'balanced-match': [ '1.0.2' ],
49 silly audit   'brace-expansion': [ '1.1.11' ],
49 silly audit   'concat-map': [ '0.0.1' ],
49 silly audit   'emoji-regex': [ '8.0.0' ],
49 silly audit   'graceful-fs': [ '4.2.11', '4.2.10' ],
49 silly audit   'is-fullwidth-code-point': [ '3.0.0' ],
49 silly audit   minimatch: [ '3.1.2' ],
49 silly audit   semver: [ '7.3.8', '6.3.0' ],
49 silly audit   'string-width': [ '4.2.3' ],
49 silly audit   'strip-ansi': [ '6.0.1' ],
49 silly audit   'babel-jest': [ '29.5.0' ],
49 silly audit   'babel-plugin-istanbul': [ '6.1.1' ],
49 silly audit   'babel-plugin-jest-hoist': [ '29.5.0' ],
49 silly audit   'babel-preset-current-node-syntax': [ '1.0.1' ],
49 silly audit   'babel-preset-jest': [ '29.5.0' ],
49 silly audit   braces: [ '3.0.2' ],
49 silly audit   browserslist: [ '4.21.5' ],
49 silly audit   'bs-logger': [ '0.2.6' ],
49 silly audit   bser: [ '2.1.1' ],
49 silly audit   'buffer-from': [ '1.1.2' ],
49 silly audit   callsites: [ '3.1.0' ],
49 silly audit   'caniuse-lite': [ '1.0.30001467' ],
49 silly audit   'char-regex': [ '1.0.2' ],
49 silly audit   'ci-info': [ '3.8.0' ],
49 silly audit   'cjs-module-lexer': [ '1.2.2' ],
49 silly audit   cliui: [ '8.0.1' ],
49 silly audit   co: [ '4.6.0' ],
49 silly audit   'collect-v8-coverage': [ '1.0.1' ],
49 silly audit   constructs: [ '10.2.14' ],
49 silly audit   'create-require': [ '1.1.1' ],
49 silly audit   'cross-spawn': [ '7.0.3' ],
49 silly audit   debug: [ '4.3.4' ],
49 silly audit   dedent: [ '0.7.0' ],
49 silly audit   deepmerge: [ '4.3.1' ],
49 silly audit   'detect-newline': [ '3.1.0' ],
49 silly audit   diff: [ '4.0.2' ],
49 silly audit   'diff-sequences': [ '29.4.3' ],
49 silly audit   'electron-to-chromium': [ '1.4.332' ],
49 silly audit   emittery: [ '0.13.1' ],
49 silly audit   'error-ex': [ '1.3.2' ],
49 silly audit   escalade: [ '3.1.1' ],
49 silly audit   esprima: [ '4.0.1' ],
49 silly audit   execa: [ '5.1.1' ],
49 silly audit   exit: [ '0.1.2' ],
49 silly audit   expect: [ '29.5.0' ],
49 silly audit   'fast-json-stable-stringify': [ '2.1.0' ],
49 silly audit   'fb-watchman': [ '2.0.2' ],
49 silly audit   'fill-range': [ '7.0.1' ],
49 silly audit   'find-up': [ '4.1.0' ],
49 silly audit   'fs.realpath': [ '1.0.0' ],
49 silly audit   fsevents: [ '2.3.2' ],
49 silly audit   'function-bind': [ '1.1.1' ],
49 silly audit   gensync: [ '1.0.0-beta.2' ],
49 silly audit   'get-caller-file': [ '2.0.5' ],
49 silly audit   'get-package-type': [ '0.1.0' ],
49 silly audit   'get-stream': [ '6.0.1' ],
49 silly audit   glob: [ '7.2.3' ],
49 silly audit   globals: [ '11.12.0' ],
49 silly audit   has: [ '1.0.3' ],
49 silly audit   'html-escaper': [ '2.0.2' ],
49 silly audit   'human-signals': [ '2.1.0' ],
49 silly audit   'import-local': [ '3.1.0' ],
49 silly audit   imurmurhash: [ '0.1.4' ],
49 silly audit   inflight: [ '1.0.6' ],
49 silly audit   inherits: [ '2.0.4' ],
49 silly audit   'is-arrayish': [ '0.2.1' ],
49 silly audit   'is-core-module': [ '2.11.0' ],
49 silly audit   'is-generator-fn': [ '2.1.0' ],
49 silly audit   'is-number': [ '7.0.0' ],
49 silly audit   'is-stream': [ '2.0.1' ],
49 silly audit   isexe: [ '2.0.0' ],
49 silly audit   'istanbul-lib-coverage': [ '3.2.0' ],
49 silly audit   'istanbul-lib-instrument': [ '5.2.1' ],
49 silly audit   'istanbul-lib-report': [ '3.0.0' ],
49 silly audit   'istanbul-lib-source-maps': [ '4.0.1' ],
49 silly audit   'istanbul-reports': [ '3.1.5' ],
49 silly audit   jest: [ '29.5.0' ],
49 silly audit   'jest-changed-files': [ '29.5.0' ],
49 silly audit   'jest-circus': [ '29.5.0' ],
49 silly audit   'jest-cli': [ '29.5.0' ],
49 silly audit   'jest-config': [ '29.5.0' ],
49 silly audit   'jest-diff': [ '29.5.0' ],
49 silly audit   'jest-docblock': [ '29.4.3' ],
49 silly audit   'jest-each': [ '29.5.0' ],
49 silly audit   'jest-environment-node': [ '29.5.0' ],
49 silly audit   'jest-get-type': [ '29.4.3' ],
49 silly audit   'jest-haste-map': [ '29.5.0' ],
49 silly audit   'jest-leak-detector': [ '29.5.0' ],
49 silly audit   'jest-matcher-utils': [ '29.5.0' ],
49 silly audit   'jest-message-util': [ '29.5.0' ],
49 silly audit   'jest-mock': [ '29.5.0' ],
49 silly audit   'jest-pnp-resolver': [ '1.2.3' ],
49 silly audit   'jest-regex-util': [ '29.4.3' ],
49 silly audit   'jest-resolve': [ '29.5.0' ],
49 silly audit   'jest-resolve-dependencies': [ '29.5.0' ],
49 silly audit   'jest-runner': [ '29.5.0' ],
49 silly audit   'source-map-support': [ '0.5.13', '0.5.21' ],
49 silly audit   'jest-runtime': [ '29.5.0' ],
49 silly audit   'jest-snapshot': [ '29.5.0' ],
49 silly audit   'jest-util': [ '29.5.0' ],
49 silly audit   'jest-validate': [ '29.5.0' ],
49 silly audit   'jest-watcher': [ '29.5.0' ],
49 silly audit   'jest-worker': [ '29.5.0' ],
49 silly audit   'js-tokens': [ '4.0.0' ],
49 silly audit   jsesc: [ '2.5.2' ],
49 silly audit   'json-parse-even-better-errors': [ '2.3.1' ],
49 silly audit   json5: [ '2.2.3' ],
49 silly audit   kleur: [ '3.0.3' ],
49 silly audit   leven: [ '3.1.0' ],
49 silly audit   'lines-and-columns': [ '1.2.4' ],
49 silly audit   'locate-path': [ '5.0.0' ],
49 silly audit   'lodash.memoize': [ '4.1.2' ],
49 silly audit   'make-dir': [ '3.1.0' ],
49 silly audit   'make-error': [ '1.3.6' ],
49 silly audit   makeerror: [ '1.0.12' ],
49 silly audit   'merge-stream': [ '2.0.0' ],
49 silly audit   micromatch: [ '4.0.5' ],
49 silly audit   'mimic-fn': [ '2.1.0' ],
49 silly audit   ms: [ '2.1.2' ],
49 silly audit   'natural-compare': [ '1.4.0' ],
49 silly audit   'node-int64': [ '0.4.0' ],
49 silly audit   'node-releases': [ '2.0.10' ],
49 silly audit   'normalize-path': [ '3.0.0' ],
49 silly audit   'npm-run-path': [ '4.0.1' ],
49 silly audit   once: [ '1.4.0' ],
49 silly audit   onetime: [ '5.1.2' ],
49 silly audit   'p-limit': [ '3.1.0', '2.3.0' ],
49 silly audit   'p-locate': [ '4.1.0' ],
49 silly audit   'p-try': [ '2.2.0' ],
49 silly audit   'parse-json': [ '5.2.0' ],
49 silly audit   'path-exists': [ '4.0.0' ],
49 silly audit   'path-is-absolute': [ '1.0.1' ],
49 silly audit   'path-key': [ '3.1.1' ],
49 silly audit   'path-parse': [ '1.0.7' ],
49 silly audit   picocolors: [ '1.0.0' ],
49 silly audit   picomatch: [ '2.3.1' ],
49 silly audit   pirates: [ '4.0.5' ],
49 silly audit   'pkg-dir': [ '4.2.0' ],
49 silly audit   'pretty-format': [ '29.5.0' ],
49 silly audit   prompts: [ '2.4.2' ],
49 silly audit   'pure-rand': [ '6.0.1' ],
49 silly audit   'react-is': [ '18.2.0' ],
49 silly audit   'require-directory': [ '2.1.1' ],
49 silly audit   resolve: [ '1.22.1' ],
49 silly audit   'resolve-cwd': [ '3.0.0' ],
49 silly audit   'resolve-from': [ '5.0.0' ],
49 silly audit   'resolve.exports': [ '2.0.1' ],
49 silly audit   'shebang-command': [ '2.0.0' ],
49 silly audit   'shebang-regex': [ '3.0.0' ],
49 silly audit   'signal-exit': [ '3.0.7' ],
49 silly audit   sisteransi: [ '1.0.5' ],
49 silly audit   slash: [ '3.0.0' ],
49 silly audit   'source-map': [ '0.6.1' ],
49 silly audit   'sprintf-js': [ '1.0.3' ],
49 silly audit   'stack-utils': [ '2.0.6' ],
49 silly audit   'string-length': [ '4.0.2' ],
49 silly audit   'strip-bom': [ '4.0.0' ],
49 silly audit   'strip-final-newline': [ '2.0.0' ],
49 silly audit   'strip-json-comments': [ '3.1.1' ],
49 silly audit   'supports-preserve-symlinks-flag': [ '1.0.0' ],
49 silly audit   'test-exclude': [ '6.0.0' ],
49 silly audit   tmpl: [ '1.0.5' ],
49 silly audit   'to-fast-properties': [ '2.0.0' ],
49 silly audit   'to-regex-range': [ '5.0.1' ],
49 silly audit   'ts-jest': [ '29.1.0' ],
49 silly audit   'ts-node': [ '10.9.1' ],
49 silly audit   'type-detect': [ '4.0.8' ],
49 silly audit   'type-fest': [ '0.21.3' ],
49 silly audit   typescript: [ '5.0.4' ],
49 silly audit   'update-browserslist-db': [ '1.0.10' ],
49 silly audit   'v8-compile-cache-lib': [ '3.0.1' ],
49 silly audit   'v8-to-istanbul': [ '9.1.0' ],
49 silly audit   walker: [ '1.0.8' ],
49 silly audit   which: [ '2.0.2' ],
49 silly audit   'wrap-ansi': [ '7.0.0' ],
49 silly audit   wrappy: [ '1.0.2' ],
49 silly audit   'write-file-atomic': [ '4.0.2' ],
49 silly audit   y18n: [ '5.0.8' ],
49 silly audit   yargs: [ '17.7.1' ],
49 silly audit   'yargs-parser': [ '21.1.1' ],
49 silly audit   yarn: [ '1.22.19' ],
49 silly audit   yn: [ '3.1.1' ],
49 silly audit   'yocto-queue': [ '0.1.0' ],
49 silly audit   '@balena/dockerignore': [ '1.0.2' ],
49 silly audit   ajv: [ '8.12.0' ],
49 silly audit   'astral-regex': [ '2.0.0' ],
49 silly audit   'at-least-node': [ '1.0.0' ],
49 silly audit   case: [ '1.6.3' ],
49 silly audit   'fast-deep-equal': [ '3.1.3' ],
49 silly audit   'fs-extra': [ '9.1.0' ],
49 silly audit   ignore: [ '5.2.4' ],
49 silly audit   'json-schema-traverse': [ '1.0.0' ],
49 silly audit   jsonfile: [ '6.1.0' ],
49 silly audit   jsonschema: [ '1.4.1' ],
49 silly audit   'lodash.truncate': [ '4.4.2' ],
49 silly audit   punycode: [ '2.3.0' ],
49 silly audit   'require-from-string': [ '2.0.2' ],
49 silly audit   'slice-ansi': [ '4.0.0' ],
49 silly audit   table: [ '6.8.1' ],
49 silly audit   universalify: [ '2.0.0' ],
49 silly audit   'uri-js': [ '4.4.1' ],
49 silly audit   yaml: [ '1.10.2' ]
49 silly audit }
50 timing reify:unpack Completed in 1ms
51 timing reify:unretire Completed in 0ms
52 timing build:queue Completed in 0ms
53 timing build:deps Completed in 0ms
54 timing build Completed in 0ms
55 timing reify:build Completed in 0ms
56 timing reify:trash Completed in 0ms
57 timing reify:save Completed in 31ms
58 http fetch POST 200 https://registry.npmjs.org/-/npm/v1/security/advisories/bulk 294ms
59 timing auditReport:getReport Completed in 297ms
60 silly audit report {}
61 timing auditReport:init Completed in 0ms
62 timing reify:audit Completed in 297ms
63 timing reify Completed in 437ms
64 timing command:install Completed in 441ms
65 verbose exit 0
66 timing npm Completed in 491ms
67 info ok
