0 verbose cli /Users/david/.nvm/versions/node/v18.12.1/bin/node /Users/david/.nvm/versions/node/v18.12.1/bin/npm
1 info using npm@8.19.2
2 info using node@v18.12.1
3 timing npm:load:whichnode Completed in 0ms
4 timing config:load:defaults Completed in 0ms
5 timing config:load:file:/Users/david/.nvm/versions/node/v18.12.1/lib/node_modules/npm/npmrc Completed in 1ms
6 timing config:load:builtin Completed in 1ms
7 timing config:load:cli Completed in 0ms
8 timing config:load:env Completed in 1ms
9 timing config:load:file:/Users/david/projects/kcms-bootstrap/.npmrc Completed in 0ms
10 timing config:load:project Completed in 2ms
11 timing config:load:file:/Users/david/.npmrc Completed in 1ms
12 timing config:load:user Completed in 2ms
13 timing config:load:file:/Users/david/.nvm/versions/node/v18.12.1/etc/npmrc Completed in 0ms
14 timing config:load:global Completed in 0ms
15 timing config:load:validate Completed in 0ms
16 timing config:load:credentials Completed in 0ms
17 timing config:load:setEnvs Completed in 1ms
18 timing config:load Completed in 8ms
19 timing npm:load:configload Completed in 8ms
20 timing npm:load:mkdirpcache Completed in 0ms
21 timing npm:load:mkdirplogs Completed in 1ms
22 verbose title npm install
23 verbose argv "install"
24 timing npm:load:setTitle Completed in 5ms
25 timing config:load:flatten Completed in 1ms
26 timing npm:load:display Completed in 1ms
27 verbose logfile logs-max:10 dir:/Users/david/projects/kcms-bootstrap/npm-cache/_logs
28 verbose logfile /Users/david/projects/kcms-bootstrap/npm-cache/_logs/2023-06-15T11_20_28_950Z-debug-0.log
29 timing npm:load:logFile Completed in 2ms
30 timing npm:load:timers Completed in 1ms
31 timing npm:load:configScope Completed in 0ms
32 timing npm:load Completed in 19ms
33 timing arborist:ctor Completed in 1ms
34 silly logfile done cleaning log files
35 timing arborist:ctor Completed in 1ms
36 timing idealTree:init Completed in 303ms
37 timing idealTree:userRequests Completed in 0ms
38 silly idealTree buildDeps
39 timing idealTree:#root Completed in 0ms
40 silly fetch manifest @types/node@*
41 http fetch GET 200 https://registry.npmjs.org/npm 444ms (cache miss)
42 http fetch GET 200 https://registry.npmjs.org/@types%2fnode 256ms (cache miss)
43 silly placeDep ROOT @types/node@20.3.1 KEEP for: jest-config@29.5.0 want: *
44 warn ERESOLVE overriding peer dependency {
44 warn ERESOLVE   code: 'ERESOLVE',
44 warn ERESOLVE   edge: {
44 warn ERESOLVE     type: 'peerOptional',
44 warn ERESOLVE     name: '@types/node',
44 warn ERESOLVE     spec: '*',
44 warn ERESOLVE     error: 'PEER LOCAL',
44 warn ERESOLVE     from: {
44 warn ERESOLVE       name: 'jest-config',
44 warn ERESOLVE       version: '29.5.0',
44 warn ERESOLVE       location: 'node_modules/jest-config',
44 warn ERESOLVE       isWorkspace: false,
44 warn ERESOLVE       dependents: [Array]
44 warn ERESOLVE     }
44 warn ERESOLVE   },
44 warn ERESOLVE   dep: {
44 warn ERESOLVE     name: '@types/node',
44 warn ERESOLVE     version: '20.3.1',
44 warn ERESOLVE     whileInstalling: {
44 warn ERESOLVE       name: 'jest-config',
44 warn ERESOLVE       version: '29.5.0',
44 warn ERESOLVE       path: '/Users/david/projects/kcms-bootstrap/node_modules/jest-config'
44 warn ERESOLVE     },
44 warn ERESOLVE     location: 'node_modules/@types/node',
44 warn ERESOLVE     isWorkspace: false,
44 warn ERESOLVE     dependents: [ [Object] ]
44 warn ERESOLVE   },
44 warn ERESOLVE   current: {
44 warn ERESOLVE     name: '@types/node',
44 warn ERESOLVE     version: '18.15.3',
44 warn ERESOLVE     location: 'node_modules/jest-config/node_modules/@types/node',
44 warn ERESOLVE     isWorkspace: false,
44 warn ERESOLVE     dependents: []
44 warn ERESOLVE   },
44 warn ERESOLVE   strictPeerDeps: false,
44 warn ERESOLVE   force: false,
44 warn ERESOLVE   isMine: false
44 warn ERESOLVE }
45 timing idealTree:node_modules/jest-config Completed in 272ms
46 timing idealTree:buildDeps Completed in 273ms
47 timing idealTree:fixDepFlags Completed in 4ms
48 timing idealTree Completed in 583ms
49 timing reify:loadTrees Completed in 584ms
50 timing reify:diffTrees Completed in 12ms
51 silly reify mark retired [
51 silly reify   '/Users/david/projects/kcms-bootstrap/node_modules/available-typed-arrays'
51 silly reify ]
52 silly reify mark retired [ '/Users/david/projects/kcms-bootstrap/node_modules/aws-sdk' ]
53 silly reify mark retired [ '/Users/david/projects/kcms-bootstrap/node_modules/at-least-node' ]
54 silly reify mark retired [ '/Users/david/projects/kcms-bootstrap/node_modules/astral-regex' ]
55 silly reify mark retired [ '/Users/david/projects/kcms-bootstrap/node_modules/base64-js' ]
56 silly reify mark retired [ '/Users/david/projects/kcms-bootstrap/node_modules/ajv' ]
57 silly reify mark retired [ '/Users/david/projects/kcms-bootstrap/node_modules/bindings' ]
58 silly reify mark retired [ '/Users/david/projects/kcms-bootstrap/node_modules/buffer' ]
59 silly reify mark retired [ '/Users/david/projects/kcms-bootstrap/node_modules/case' ]
60 silly reify mark retired [ '/Users/david/projects/kcms-bootstrap/node_modules/call-bind' ]
61 silly reify mark retired [ '/Users/david/projects/kcms-bootstrap/node_modules/deasync' ]
62 silly reify mark retired [
62 silly reify   '/Users/david/projects/kcms-bootstrap/node_modules/escodegen',
62 silly reify   '/Users/david/projects/kcms-bootstrap/node_modules/.bin/esgenerate',
62 silly reify   '/Users/david/projects/kcms-bootstrap/node_modules/.bin/escodegen'
62 silly reify ]
63 silly reify mark retired [ '/Users/david/projects/kcms-bootstrap/node_modules/events' ]
64 silly reify mark retired [ '/Users/david/projects/kcms-bootstrap/node_modules/estraverse' ]
65 silly reify mark retired [ '/Users/david/projects/kcms-bootstrap/node_modules/deep-is' ]
66 silly reify mark retired [ '/Users/david/projects/kcms-bootstrap/node_modules/esutils' ]
67 silly reify mark retired [ '/Users/david/projects/kcms-bootstrap/node_modules/fast-deep-equal' ]
68 silly reify mark retired [
68 silly reify   '/Users/david/projects/kcms-bootstrap/node_modules/fast-levenshtein'
68 silly reify ]
69 silly reify mark retired [ '/Users/david/projects/kcms-bootstrap/node_modules/for-each' ]
70 silly reify mark retired [ '/Users/david/projects/kcms-bootstrap/node_modules/fs-extra' ]
71 silly reify mark retired [
71 silly reify   '/Users/david/projects/kcms-bootstrap/node_modules/file-uri-to-path'
71 silly reify ]
72 silly reify mark retired [ '/Users/david/projects/kcms-bootstrap/node_modules/get-intrinsic' ]
73 silly reify mark retired [ '/Users/david/projects/kcms-bootstrap/node_modules/has-symbols' ]
74 silly reify mark retired [ '/Users/david/projects/kcms-bootstrap/node_modules/ieee754' ]
75 silly reify mark retired [ '/Users/david/projects/kcms-bootstrap/node_modules/has-tostringtag' ]
76 silly reify mark retired [ '/Users/david/projects/kcms-bootstrap/node_modules/ignore' ]
77 silly reify mark retired [ '/Users/david/projects/kcms-bootstrap/node_modules/is-callable' ]
78 silly reify mark retired [ '/Users/david/projects/kcms-bootstrap/node_modules/is-arguments' ]
79 silly reify mark retired [ '/Users/david/projects/kcms-bootstrap/node_modules/gopd' ]
80 silly reify mark retired [
80 silly reify   '/Users/david/projects/kcms-bootstrap/node_modules/is-generator-function'
80 silly reify ]
81 silly reify mark retired [ '/Users/david/projects/kcms-bootstrap/node_modules/isarray' ]
82 silly reify mark retired [ '/Users/david/projects/kcms-bootstrap/node_modules/is-typed-array' ]
83 silly reify mark retired [
83 silly reify   '/Users/david/projects/kcms-bootstrap/node_modules/jest-circus/node_modules/@types/node'
83 silly reify ]
84 silly reify mark retired [
84 silly reify   '/Users/david/projects/kcms-bootstrap/node_modules/jest-environment-node/node_modules/@types/node'
84 silly reify ]
85 silly reify mark retired [
85 silly reify   '/Users/david/projects/kcms-bootstrap/node_modules/jest-haste-map/node_modules/@types/node'
85 silly reify ]
86 silly reify mark retired [
86 silly reify   '/Users/david/projects/kcms-bootstrap/node_modules/jest-config/node_modules/@types/node'
86 silly reify ]
87 silly reify mark retired [
87 silly reify   '/Users/david/projects/kcms-bootstrap/node_modules/jest-runtime/node_modules/@types/node'
87 silly reify ]
88 silly reify mark retired [
88 silly reify   '/Users/david/projects/kcms-bootstrap/node_modules/jest-watcher/node_modules/@types/node'
88 silly reify ]
89 silly reify mark retired [
89 silly reify   '/Users/david/projects/kcms-bootstrap/node_modules/jest-util/node_modules/@types/node'
89 silly reify ]
90 silly reify mark retired [
90 silly reify   '/Users/david/projects/kcms-bootstrap/node_modules/jest-mock/node_modules/@types/node'
90 silly reify ]
91 silly reify mark retired [ '/Users/david/projects/kcms-bootstrap/node_modules/jmespath' ]
92 silly reify mark retired [ '/Users/david/projects/kcms-bootstrap/node_modules/immutable' ]
93 silly reify mark retired [
93 silly reify   '/Users/david/projects/kcms-bootstrap/node_modules/jest-worker/node_modules/@types/node'
93 silly reify ]
94 silly reify mark retired [
94 silly reify   '/Users/david/projects/kcms-bootstrap/node_modules/json-schema-traverse'
94 silly reify ]
95 silly reify mark retired [ '/Users/david/projects/kcms-bootstrap/node_modules/jsonpath' ]
96 silly reify mark retired [ '/Users/david/projects/kcms-bootstrap/node_modules/jsonfile' ]
97 silly reify mark retired [ '/Users/david/projects/kcms-bootstrap/node_modules/levn' ]
98 silly reify mark retired [ '/Users/david/projects/kcms-bootstrap/node_modules/jsonschema' ]
99 silly reify mark retired [ '/Users/david/projects/kcms-bootstrap/node_modules/node-addon-api' ]
100 silly reify mark retired [ '/Users/david/projects/kcms-bootstrap/node_modules/optionator' ]
101 silly reify mark retired [
101 silly reify   '/Users/david/projects/kcms-bootstrap/node_modules/jest-runner/node_modules/@types/node'
101 silly reify ]
102 silly reify mark retired [ '/Users/david/projects/kcms-bootstrap/node_modules/prelude-ls' ]
103 silly reify mark retired [ '/Users/david/projects/kcms-bootstrap/node_modules/punycode' ]
104 silly reify mark retired [
104 silly reify   '/Users/david/projects/kcms-bootstrap/node_modules/require-from-string'
104 silly reify ]
105 silly reify mark retired [ '/Users/david/projects/kcms-bootstrap/node_modules/sax' ]
106 silly reify mark retired [ '/Users/david/projects/kcms-bootstrap/node_modules/querystring' ]
107 silly reify mark retired [ '/Users/david/projects/kcms-bootstrap/node_modules/slice-ansi' ]
108 silly reify mark retired [ '/Users/david/projects/kcms-bootstrap/node_modules/static-eval' ]
109 silly reify mark retired [ '/Users/david/projects/kcms-bootstrap/node_modules/lodash.truncate' ]
110 silly reify mark retired [
110 silly reify   '/Users/david/projects/kcms-bootstrap/node_modules/synchronized-promise'
110 silly reify ]
111 silly reify mark retired [ '/Users/david/projects/kcms-bootstrap/node_modules/python-shell' ]
112 silly reify mark retired [ '/Users/david/projects/kcms-bootstrap/node_modules/underscore' ]
113 silly reify mark retired [ '/Users/david/projects/kcms-bootstrap/node_modules/url' ]
114 silly reify mark retired [ '/Users/david/projects/kcms-bootstrap/node_modules/table' ]
115 silly reify mark retired [ '/Users/david/projects/kcms-bootstrap/node_modules/type-check' ]
116 silly reify mark retired [ '/Users/david/projects/kcms-bootstrap/node_modules/util' ]
117 silly reify mark retired [ '/Users/david/projects/kcms-bootstrap/node_modules/universalify' ]
118 silly reify mark retired [ '/Users/david/projects/kcms-bootstrap/node_modules/uri-js' ]
119 silly reify mark retired [
119 silly reify   '/Users/david/projects/kcms-bootstrap/node_modules/which-typed-array'
119 silly reify ]
120 silly reify mark retired [ '/Users/david/projects/kcms-bootstrap/node_modules/xmlbuilder' ]
121 silly reify mark retired [
121 silly reify   '/Users/david/projects/kcms-bootstrap/node_modules/uuid',
121 silly reify   '/Users/david/projects/kcms-bootstrap/node_modules/.bin/uuid'
121 silly reify ]
122 silly reify mark retired [ '/Users/david/projects/kcms-bootstrap/node_modules/yaml' ]
123 silly reify mark retired [ '/Users/david/projects/kcms-bootstrap/node_modules/xml2js' ]
124 silly reify mark retired [ '/Users/david/projects/kcms-bootstrap/node_modules/word-wrap' ]
125 silly reify mark retired [
125 silly reify   '/Users/david/projects/kcms-bootstrap/node_modules/@cdklabs/cdk-ssm-documents'
125 silly reify ]
126 silly reify mark retired [
126 silly reify   '/Users/david/projects/kcms-bootstrap/node_modules/@jest/console/node_modules/@types/node'
126 silly reify ]
127 silly reify mark retired [
127 silly reify   '/Users/david/projects/kcms-bootstrap/node_modules/@balena/dockerignore'
127 silly reify ]
128 silly reify mark retired [
128 silly reify   '/Users/david/projects/kcms-bootstrap/node_modules/@jest/core/node_modules/jest-config'
128 silly reify ]
129 silly reify mark retired [
129 silly reify   '/Users/david/projects/kcms-bootstrap/node_modules/@jest/core/node_modules/@types/node'
129 silly reify ]
130 silly reify mark retired [
130 silly reify   '/Users/david/projects/kcms-bootstrap/node_modules/@jest/environment/node_modules/@types/node'
130 silly reify ]
131 silly reify mark retired [
131 silly reify   '/Users/david/projects/kcms-bootstrap/node_modules/@jest/fake-timers/node_modules/@types/node'
131 silly reify ]
132 silly reify mark retired [
132 silly reify   '/Users/david/projects/kcms-bootstrap/node_modules/@jest/reporters/node_modules/@types/node'
132 silly reify ]
133 silly reify mark retired [
133 silly reify   '/Users/david/projects/kcms-bootstrap/node_modules/@jest/types/node_modules/@types/node'
133 silly reify ]
134 silly reify mark retired [
134 silly reify   '/Users/david/projects/kcms-bootstrap/node_modules/@types/graceful-fs/node_modules/@types/node'
134 silly reify ]
135 silly reify moves {
135 silly reify   '/Users/david/projects/kcms-bootstrap/node_modules/available-typed-arrays': '/Users/david/projects/kcms-bootstrap/node_modules/.available-typed-arrays-tUxR6wIK',
135 silly reify   '/Users/david/projects/kcms-bootstrap/node_modules/aws-sdk': '/Users/david/projects/kcms-bootstrap/node_modules/.aws-sdk-fWzOYUFo',
135 silly reify   '/Users/david/projects/kcms-bootstrap/node_modules/at-least-node': '/Users/david/projects/kcms-bootstrap/node_modules/.at-least-node-VntW7wTF',
135 silly reify   '/Users/david/projects/kcms-bootstrap/node_modules/astral-regex': '/Users/david/projects/kcms-bootstrap/node_modules/.astral-regex-B283kU8E',
135 silly reify   '/Users/david/projects/kcms-bootstrap/node_modules/base64-js': '/Users/david/projects/kcms-bootstrap/node_modules/.base64-js-tY46TQE1',
135 silly reify   '/Users/david/projects/kcms-bootstrap/node_modules/ajv': '/Users/david/projects/kcms-bootstrap/node_modules/.ajv-RKTmbFjJ',
135 silly reify   '/Users/david/projects/kcms-bootstrap/node_modules/bindings': '/Users/david/projects/kcms-bootstrap/node_modules/.bindings-mDoFu5cs',
135 silly reify   '/Users/david/projects/kcms-bootstrap/node_modules/buffer': '/Users/david/projects/kcms-bootstrap/node_modules/.buffer-neDr10tW',
135 silly reify   '/Users/david/projects/kcms-bootstrap/node_modules/case': '/Users/david/projects/kcms-bootstrap/node_modules/.case-r9HZuImb',
135 silly reify   '/Users/david/projects/kcms-bootstrap/node_modules/call-bind': '/Users/david/projects/kcms-bootstrap/node_modules/.call-bind-oHjgIeox',
135 silly reify   '/Users/david/projects/kcms-bootstrap/node_modules/deasync': '/Users/david/projects/kcms-bootstrap/node_modules/.deasync-jjfjp1kq',
135 silly reify   '/Users/david/projects/kcms-bootstrap/node_modules/escodegen': '/Users/david/projects/kcms-bootstrap/node_modules/.escodegen-fSU03Sny',
135 silly reify   '/Users/david/projects/kcms-bootstrap/node_modules/.bin/esgenerate': '/Users/david/projects/kcms-bootstrap/node_modules/.bin/.esgenerate-et3En2xQ',
135 silly reify   '/Users/david/projects/kcms-bootstrap/node_modules/.bin/escodegen': '/Users/david/projects/kcms-bootstrap/node_modules/.bin/.escodegen-OZtOBZmP',
135 silly reify   '/Users/david/projects/kcms-bootstrap/node_modules/events': '/Users/david/projects/kcms-bootstrap/node_modules/.events-oD6Y5bxR',
135 silly reify   '/Users/david/projects/kcms-bootstrap/node_modules/estraverse': '/Users/david/projects/kcms-bootstrap/node_modules/.estraverse-mvkrVHtm',
135 silly reify   '/Users/david/projects/kcms-bootstrap/node_modules/deep-is': '/Users/david/projects/kcms-bootstrap/node_modules/.deep-is-vJ3GNio4',
135 silly reify   '/Users/david/projects/kcms-bootstrap/node_modules/esutils': '/Users/david/projects/kcms-bootstrap/node_modules/.esutils-hgogongk',
135 silly reify   '/Users/david/projects/kcms-bootstrap/node_modules/fast-deep-equal': '/Users/david/projects/kcms-bootstrap/node_modules/.fast-deep-equal-AmrrmvaU',
135 silly reify   '/Users/david/projects/kcms-bootstrap/node_modules/fast-levenshtein': '/Users/david/projects/kcms-bootstrap/node_modules/.fast-levenshtein-fdPvbVsG',
135 silly reify   '/Users/david/projects/kcms-bootstrap/node_modules/for-each': '/Users/david/projects/kcms-bootstrap/node_modules/.for-each-q7oCjksd',
135 silly reify   '/Users/david/projects/kcms-bootstrap/node_modules/fs-extra': '/Users/david/projects/kcms-bootstrap/node_modules/.fs-extra-gNDTIcn7',
135 silly reify   '/Users/david/projects/kcms-bootstrap/node_modules/file-uri-to-path': '/Users/david/projects/kcms-bootstrap/node_modules/.file-uri-to-path-m98c4rgR',
135 silly reify   '/Users/david/projects/kcms-bootstrap/node_modules/get-intrinsic': '/Users/david/projects/kcms-bootstrap/node_modules/.get-intrinsic-A6YG3oiu',
135 silly reify   '/Users/david/projects/kcms-bootstrap/node_modules/has-symbols': '/Users/david/projects/kcms-bootstrap/node_modules/.has-symbols-GAvWUXH5',
135 silly reify   '/Users/david/projects/kcms-bootstrap/node_modules/ieee754': '/Users/david/projects/kcms-bootstrap/node_modules/.ieee754-cXGc3usn',
135 silly reify   '/Users/david/projects/kcms-bootstrap/node_modules/has-tostringtag': '/Users/david/projects/kcms-bootstrap/node_modules/.has-tostringtag-4QiXJO4I',
135 silly reify   '/Users/david/projects/kcms-bootstrap/node_modules/ignore': '/Users/david/projects/kcms-bootstrap/node_modules/.ignore-60bHEu6r',
135 silly reify   '/Users/david/projects/kcms-bootstrap/node_modules/is-callable': '/Users/david/projects/kcms-bootstrap/node_modules/.is-callable-JA8O3xZr',
135 silly reify   '/Users/david/projects/kcms-bootstrap/node_modules/is-arguments': '/Users/david/projects/kcms-bootstrap/node_modules/.is-arguments-hp0Gl5Wd',
135 silly reify   '/Users/david/projects/kcms-bootstrap/node_modules/gopd': '/Users/david/projects/kcms-bootstrap/node_modules/.gopd-H3cZR5bA',
135 silly reify   '/Users/david/projects/kcms-bootstrap/node_modules/is-generator-function': '/Users/david/projects/kcms-bootstrap/node_modules/.is-generator-function-izFAZ3Ar',
135 silly reify   '/Users/david/projects/kcms-bootstrap/node_modules/isarray': '/Users/david/projects/kcms-bootstrap/node_modules/.isarray-iVIx3Kr3',
135 silly reify   '/Users/david/projects/kcms-bootstrap/node_modules/is-typed-array': '/Users/david/projects/kcms-bootstrap/node_modules/.is-typed-array-LOdRML1W',
135 silly reify   '/Users/david/projects/kcms-bootstrap/node_modules/jest-circus/node_modules/@types/node': '/Users/david/projects/kcms-bootstrap/node_modules/jest-circus/node_modules/@types/.node-0ceplqxN',
135 silly reify   '/Users/david/projects/kcms-bootstrap/node_modules/jest-environment-node/node_modules/@types/node': '/Users/david/projects/kcms-bootstrap/node_modules/jest-environment-node/node_modules/@types/.node-KBr8uahw',
135 silly reify   '/Users/david/projects/kcms-bootstrap/node_modules/jest-haste-map/node_modules/@types/node': '/Users/david/projects/kcms-bootstrap/node_modules/jest-haste-map/node_modules/@types/.node-iSEsCDf5',
135 silly reify   '/Users/david/projects/kcms-bootstrap/node_modules/jest-config/node_modules/@types/node': '/Users/david/projects/kcms-bootstrap/node_modules/jest-config/node_modules/@types/.node-VGqzKN9F',
135 silly reify   '/Users/david/projects/kcms-bootstrap/node_modules/jest-runtime/node_modules/@types/node': '/Users/david/projects/kcms-bootstrap/node_modules/jest-runtime/node_modules/@types/.node-O8o5bvn6',
135 silly reify   '/Users/david/projects/kcms-bootstrap/node_modules/jest-watcher/node_modules/@types/node': '/Users/david/projects/kcms-bootstrap/node_modules/jest-watcher/node_modules/@types/.node-XVLbvYRA',
135 silly reify   '/Users/david/projects/kcms-bootstrap/node_modules/jest-util/node_modules/@types/node': '/Users/david/projects/kcms-bootstrap/node_modules/jest-util/node_modules/@types/.node-6ormMeSx',
135 silly reify   '/Users/david/projects/kcms-bootstrap/node_modules/jest-mock/node_modules/@types/node': '/Users/david/projects/kcms-bootstrap/node_modules/jest-mock/node_modules/@types/.node-kC390DF7',
135 silly reify   '/Users/david/projects/kcms-bootstrap/node_modules/jmespath': '/Users/david/projects/kcms-bootstrap/node_modules/.jmespath-QhskL8H5',
135 silly reify   '/Users/david/projects/kcms-bootstrap/node_modules/immutable': '/Users/david/projects/kcms-bootstrap/node_modules/.immutable-V6zl8ZOz',
135 silly reify   '/Users/david/projects/kcms-bootstrap/node_modules/jest-worker/node_modules/@types/node': '/Users/david/projects/kcms-bootstrap/node_modules/jest-worker/node_modules/@types/.node-Q4wpPj7O',
135 silly reify   '/Users/david/projects/kcms-bootstrap/node_modules/json-schema-traverse': '/Users/david/projects/kcms-bootstrap/node_modules/.json-schema-traverse-6qDatwXt',
135 silly reify   '/Users/david/projects/kcms-bootstrap/node_modules/jsonpath': '/Users/david/projects/kcms-bootstrap/node_modules/.jsonpath-D2CFXwoE',
135 silly reify   '/Users/david/projects/kcms-bootstrap/node_modules/jsonfile': '/Users/david/projects/kcms-bootstrap/node_modules/.jsonfile-05OJewBb',
135 silly reify   '/Users/david/projects/kcms-bootstrap/node_modules/levn': '/Users/david/projects/kcms-bootstrap/node_modules/.levn-UBp1Jioj',
135 silly reify   '/Users/david/projects/kcms-bootstrap/node_modules/jsonschema': '/Users/david/projects/kcms-bootstrap/node_modules/.jsonschema-NfjOSXnM',
135 silly reify   '/Users/david/projects/kcms-bootstrap/node_modules/node-addon-api': '/Users/david/projects/kcms-bootstrap/node_modules/.node-addon-api-v2S2f0jK',
135 silly reify   '/Users/david/projects/kcms-bootstrap/node_modules/optionator': '/Users/david/projects/kcms-bootstrap/node_modules/.optionator-WJdaIObI',
135 silly reify   '/Users/david/projects/kcms-bootstrap/node_modules/jest-runner/node_modules/@types/node': '/Users/david/projects/kcms-bootstrap/node_modules/jest-runner/node_modules/@types/.node-GTqV1R4u',
135 silly reify   '/Users/david/projects/kcms-bootstrap/node_modules/prelude-ls': '/Users/david/projects/kcms-bootstrap/node_modules/.prelude-ls-aJqe15CX',
135 silly reify   '/Users/david/projects/kcms-bootstrap/node_modules/punycode': '/Users/david/projects/kcms-bootstrap/node_modules/.punycode-HDKt2dKL',
135 silly reify   '/Users/david/projects/kcms-bootstrap/node_modules/require-from-string': '/Users/david/projects/kcms-bootstrap/node_modules/.require-from-string-9Of23LNe',
135 silly reify   '/Users/david/projects/kcms-bootstrap/node_modules/sax': '/Users/david/projects/kcms-bootstrap/node_modules/.sax-87Hk8RK3',
135 silly reify   '/Users/david/projects/kcms-bootstrap/node_modules/querystring': '/Users/david/projects/kcms-bootstrap/node_modules/.querystring-KezFSYmH',
135 silly reify   '/Users/david/projects/kcms-bootstrap/node_modules/slice-ansi': '/Users/david/projects/kcms-bootstrap/node_modules/.slice-ansi-pzXLZ2MV',
135 silly reify   '/Users/david/projects/kcms-bootstrap/node_modules/static-eval': '/Users/david/projects/kcms-bootstrap/node_modules/.static-eval-8DaqhG00',
135 silly reify   '/Users/david/projects/kcms-bootstrap/node_modules/lodash.truncate': '/Users/david/projects/kcms-bootstrap/node_modules/.lodash.truncate-XlRVtdZG',
135 silly reify   '/Users/david/projects/kcms-bootstrap/node_modules/synchronized-promise': '/Users/david/projects/kcms-bootstrap/node_modules/.synchronized-promise-JGwXTfzc',
135 silly reify   '/Users/david/projects/kcms-bootstrap/node_modules/python-shell': '/Users/david/projects/kcms-bootstrap/node_modules/.python-shell-7EoKimxj',
135 silly reify   '/Users/david/projects/kcms-bootstrap/node_modules/underscore': '/Users/david/projects/kcms-bootstrap/node_modules/.underscore-Tp5aTrwS',
135 silly reify   '/Users/david/projects/kcms-bootstrap/node_modules/url': '/Users/david/projects/kcms-bootstrap/node_modules/.url-ddOTG47h',
135 silly reify   '/Users/david/projects/kcms-bootstrap/node_modules/table': '/Users/david/projects/kcms-bootstrap/node_modules/.table-5YR9kVd0',
135 silly reify   '/Users/david/projects/kcms-bootstrap/node_modules/type-check': '/Users/david/projects/kcms-bootstrap/node_modules/.type-check-m9PFJHkW',
135 silly reify   '/Users/david/projects/kcms-bootstrap/node_modules/util': '/Users/david/projects/kcms-bootstrap/node_modules/.util-r4W7ScvK',
135 silly reify   '/Users/david/projects/kcms-bootstrap/node_modules/universalify': '/Users/david/projects/kcms-bootstrap/node_modules/.universalify-vQCfqSZc',
135 silly reify   '/Users/david/projects/kcms-bootstrap/node_modules/uri-js': '/Users/david/projects/kcms-bootstrap/node_modules/.uri-js-yXX9ieBX',
135 silly reify   '/Users/david/projects/kcms-bootstrap/node_modules/which-typed-array': '/Users/david/projects/kcms-bootstrap/node_modules/.which-typed-array-J5qehk14',
135 silly reify   '/Users/david/projects/kcms-bootstrap/node_modules/xmlbuilder': '/Users/david/projects/kcms-bootstrap/node_modules/.xmlbuilder-SNDf52J4',
135 silly reify   '/Users/david/projects/kcms-bootstrap/node_modules/uuid': '/Users/david/projects/kcms-bootstrap/node_modules/.uuid-hzndFt1d',
135 silly reify   '/Users/david/projects/kcms-bootstrap/node_modules/.bin/uuid': '/Users/david/projects/kcms-bootstrap/node_modules/.bin/.uuid-2iG5zCsg',
135 silly reify   '/Users/david/projects/kcms-bootstrap/node_modules/yaml': '/Users/david/projects/kcms-bootstrap/node_modules/.yaml-UlXYjWzC',
135 silly reify   '/Users/david/projects/kcms-bootstrap/node_modules/xml2js': '/Users/david/projects/kcms-bootstrap/node_modules/.xml2js-5ruRH1hw',
135 silly reify   '/Users/david/projects/kcms-bootstrap/node_modules/word-wrap': '/Users/david/projects/kcms-bootstrap/node_modules/.word-wrap-kaQWst14',
135 silly reify   '/Users/david/projects/kcms-bootstrap/node_modules/@cdklabs/cdk-ssm-documents': '/Users/david/projects/kcms-bootstrap/node_modules/@cdklabs/.cdk-ssm-documents-jAhaZQw5',
135 silly reify   '/Users/david/projects/kcms-bootstrap/node_modules/@jest/console/node_modules/@types/node': '/Users/david/projects/kcms-bootstrap/node_modules/@jest/console/node_modules/@types/.node-Rgxew7Ao',
135 silly reify   '/Users/david/projects/kcms-bootstrap/node_modules/@balena/dockerignore': '/Users/david/projects/kcms-bootstrap/node_modules/@balena/.dockerignore-NNAtAvgO',
135 silly reify   '/Users/david/projects/kcms-bootstrap/node_modules/@jest/core/node_modules/jest-config': '/Users/david/projects/kcms-bootstrap/node_modules/@jest/core/node_modules/.jest-config-UaoYEyf3',
135 silly reify   '/Users/david/projects/kcms-bootstrap/node_modules/@jest/core/node_modules/@types/node': '/Users/david/projects/kcms-bootstrap/node_modules/@jest/core/node_modules/@types/.node-zF4lngXi',
135 silly reify   '/Users/david/projects/kcms-bootstrap/node_modules/@jest/environment/node_modules/@types/node': '/Users/david/projects/kcms-bootstrap/node_modules/@jest/environment/node_modules/@types/.node-bOSvAbZ3',
135 silly reify   '/Users/david/projects/kcms-bootstrap/node_modules/@jest/fake-timers/node_modules/@types/node': '/Users/david/projects/kcms-bootstrap/node_modules/@jest/fake-timers/node_modules/@types/.node-OMd4U8he',
135 silly reify   '/Users/david/projects/kcms-bootstrap/node_modules/@jest/reporters/node_modules/@types/node': '/Users/david/projects/kcms-bootstrap/node_modules/@jest/reporters/node_modules/@types/.node-6XKcLgKk',
135 silly reify   '/Users/david/projects/kcms-bootstrap/node_modules/@jest/types/node_modules/@types/node': '/Users/david/projects/kcms-bootstrap/node_modules/@jest/types/node_modules/@types/.node-FimI6YAS',
135 silly reify   '/Users/david/projects/kcms-bootstrap/node_modules/@types/graceful-fs/node_modules/@types/node': '/Users/david/projects/kcms-bootstrap/node_modules/@types/graceful-fs/node_modules/@types/.node-BvCTJlNN'
135 silly reify }
136 timing reify:retireShallow Completed in 11ms
137 timing reify:createSparse Completed in 0ms
138 timing reify:loadBundles Completed in 0ms
139 silly audit bulk request {
139 silly audit   acorn: [ '8.8.2' ],
139 silly audit   'ansi-regex': [ '5.0.1' ],
139 silly audit   'ansi-escapes': [ '4.3.2' ],
139 silly audit   'acorn-walk': [ '8.2.0' ],
139 silly audit   arg: [ '4.1.3' ],
139 silly audit   'ansi-styles': [ '4.3.0', '5.2.0', '3.2.1' ],
139 silly audit   anymatch: [ '3.1.3' ],
139 silly audit   'aws-cdk': [ '2.77.0' ],
139 silly audit   'babel-jest': [ '29.5.0' ],
139 silly audit   'aws-cdk-lib': [ '2.77.0' ],
139 silly audit   'balanced-match': [ '1.0.2' ],
139 silly audit   'brace-expansion': [ '1.1.11' ],
139 silly audit   'color-convert': [ '2.0.1', '1.9.3' ],
139 silly audit   'color-name': [ '1.1.4', '1.1.3' ],
139 silly audit   'concat-map': [ '0.0.1' ],
139 silly audit   'emoji-regex': [ '8.0.0' ],
139 silly audit   'graceful-fs': [ '4.2.11', '4.2.10' ],
139 silly audit   'is-fullwidth-code-point': [ '3.0.0' ],
139 silly audit   'lru-cache': [ '6.0.0', '5.1.1' ],
139 silly audit   minimatch: [ '3.1.2' ],
139 silly audit   semver: [ '7.3.8', '6.3.0' ],
139 silly audit   'string-width': [ '4.2.3' ],
139 silly audit   'strip-ansi': [ '6.0.1' ],
139 silly audit   yallist: [ '4.0.0', '3.1.1' ],
139 silly audit   'babel-plugin-istanbul': [ '6.1.1' ],
139 silly audit   'babel-preset-jest': [ '29.5.0' ],
139 silly audit   'babel-plugin-jest-hoist': [ '29.5.0' ],
139 silly audit   'babel-preset-current-node-syntax': [ '1.0.1' ],
139 silly audit   argparse: [ '2.0.1', '1.0.10' ],
139 silly audit   'bs-logger': [ '0.2.6' ],
139 silly audit   braces: [ '3.0.2' ],
139 silly audit   bser: [ '2.1.1' ],
139 silly audit   browserslist: [ '4.21.5' ],
139 silly audit   callsites: [ '3.1.0' ],
139 silly audit   'buffer-from': [ '1.1.2' ],
139 silly audit   camelcase: [ '6.3.0', '5.3.1' ],
139 silly audit   'caniuse-lite': [ '1.0.30001467' ],
139 silly audit   chalk: [ '4.1.2', '2.4.2' ],
139 silly audit   'char-regex': [ '1.0.2' ],
139 silly audit   'cjs-module-lexer': [ '1.2.2' ],
139 silly audit   'ci-info': [ '3.8.0' ],
139 silly audit   co: [ '4.6.0' ],
139 silly audit   cliui: [ '8.0.1' ],
139 silly audit   'collect-v8-coverage': [ '1.0.1' ],
139 silly audit   constructs: [ '10.2.14' ],
139 silly audit   'convert-source-map': [ '1.9.0', '2.0.0' ],
139 silly audit   'create-require': [ '1.1.1' ],
139 silly audit   'cross-spawn': [ '7.0.3' ],
139 silly audit   debug: [ '4.3.4' ],
139 silly audit   deepmerge: [ '4.3.1' ],
139 silly audit   diff: [ '4.0.2' ],
139 silly audit   'detect-newline': [ '3.1.0' ],
139 silly audit   'electron-to-chromium': [ '1.4.332' ],
139 silly audit   'diff-sequences': [ '29.4.3' ],
139 silly audit   emittery: [ '0.13.1' ],
139 silly audit   'error-ex': [ '1.3.2' ],
139 silly audit   'escape-string-regexp': [ '2.0.0', '1.0.5' ],
139 silly audit   escalade: [ '3.1.1' ],
139 silly audit   esprima: [ '4.0.1' ],
139 silly audit   dedent: [ '0.7.0' ],
139 silly audit   execa: [ '5.1.1' ],
139 silly audit   exit: [ '0.1.2' ],
139 silly audit   'fb-watchman': [ '2.0.2' ],
139 silly audit   'fast-json-stable-stringify': [ '2.1.0' ],
139 silly audit   'fill-range': [ '7.0.1' ],
139 silly audit   'find-up': [ '4.1.0' ],
139 silly audit   'fs.realpath': [ '1.0.0' ],
139 silly audit   fsevents: [ '2.3.2' ],
139 silly audit   'function-bind': [ '1.1.1' ],
139 silly audit   'get-caller-file': [ '2.0.5' ],
139 silly audit   expect: [ '29.5.0' ],
139 silly audit   gensync: [ '1.0.0-beta.2' ],
139 silly audit   'get-package-type': [ '0.1.0' ],
139 silly audit   'get-stream': [ '6.0.1' ],
139 silly audit   glob: [ '7.2.3' ],
139 silly audit   globals: [ '11.12.0' ],
139 silly audit   has: [ '1.0.3' ],
139 silly audit   'has-flag': [ '4.0.0', '3.0.0' ],
139 silly audit   'html-escaper': [ '2.0.2' ],
139 silly audit   'human-signals': [ '2.1.0' ],
139 silly audit   'import-local': [ '3.1.0' ],
139 silly audit   imurmurhash: [ '0.1.4' ],
139 silly audit   'is-arrayish': [ '0.2.1' ],
139 silly audit   inflight: [ '1.0.6' ],
139 silly audit   'is-core-module': [ '2.11.0' ],
139 silly audit   'is-generator-fn': [ '2.1.0' ],
139 silly audit   'is-number': [ '7.0.0' ],
139 silly audit   inherits: [ '2.0.4' ],
139 silly audit   'is-stream': [ '2.0.1' ],
139 silly audit   isexe: [ '2.0.0' ],
139 silly audit   'istanbul-lib-coverage': [ '3.2.0' ],
139 silly audit   'istanbul-lib-report': [ '3.0.0' ],
139 silly audit   'istanbul-lib-source-maps': [ '4.0.1' ],
139 silly audit   'istanbul-reports': [ '3.1.5' ],
139 silly audit   'jest-changed-files': [ '29.5.0' ],
139 silly audit   'jest-circus': [ '29.5.0' ],
139 silly audit   '@types/node': [ '18.16.3' ],
139 silly audit   jest: [ '29.5.0' ],
139 silly audit   'istanbul-lib-instrument': [ '5.2.1' ],
139 silly audit   'jest-cli': [ '29.5.0' ],
139 silly audit   'jest-diff': [ '29.5.0' ],
139 silly audit   'jest-each': [ '29.5.0' ],
139 silly audit   'jest-config': [ '29.5.0' ],
139 silly audit   'jest-get-type': [ '29.4.3' ],
139 silly audit   'jest-environment-node': [ '29.5.0' ],
139 silly audit   'jest-pnp-resolver': [ '1.2.3' ],
139 silly audit   'jest-matcher-utils': [ '29.5.0' ],
139 silly audit   'jest-leak-detector': [ '29.5.0' ],
139 silly audit   'jest-mock': [ '29.5.0' ],
139 silly audit   'jest-message-util': [ '29.5.0' ],
139 silly audit   'jest-resolve': [ '29.5.0' ],
139 silly audit   'jest-regex-util': [ '29.4.3' ],
139 silly audit   'jest-resolve-dependencies': [ '29.5.0' ],
139 silly audit   'jest-runtime': [ '29.5.0' ],
139 silly audit   'jest-snapshot': [ '29.5.0' ],
139 silly audit   'jest-runner': [ '29.5.0' ],
139 silly audit   'source-map-support': [ '0.5.13', '0.5.21' ],
139 silly audit   'jest-util': [ '29.5.0' ],
139 silly audit   'jest-watcher': [ '29.5.0' ],
139 silly audit   'jest-validate': [ '29.5.0' ],
139 silly audit   'jest-haste-map': [ '29.5.0' ],
139 silly audit   'js-tokens': [ '4.0.0' ],
139 silly audit   'jest-worker': [ '29.5.0' ],
139 silly audit   'supports-color': [ '8.1.1', '7.2.0', '5.5.0' ],
139 silly audit   'js-yaml': [ '4.1.0', '3.14.1' ],
139 silly audit   jsesc: [ '2.5.2' ],
139 silly audit   'json-parse-even-better-errors': [ '2.3.1' ],
139 silly audit   json5: [ '2.2.3' ],
139 silly audit   kleur: [ '3.0.3' ],
139 silly audit   leven: [ '3.1.0' ],
139 silly audit   'lines-and-columns': [ '1.2.4' ],
139 silly audit   'jest-docblock': [ '29.4.3' ],
139 silly audit   'locate-path': [ '5.0.0' ],
139 silly audit   'lodash.memoize': [ '4.1.2' ],
139 silly audit   'make-dir': [ '3.1.0' ],
139 silly audit   makeerror: [ '1.0.12' ],
139 silly audit   'merge-stream': [ '2.0.0' ],
139 silly audit   'make-error': [ '1.3.6' ],
139 silly audit   'mimic-fn': [ '2.1.0' ],
139 silly audit   ms: [ '2.1.2' ],
139 silly audit   'natural-compare': [ '1.4.0' ],
139 silly audit   'node-int64': [ '0.4.0' ],
139 silly audit   micromatch: [ '4.0.5' ],
139 silly audit   'normalize-path': [ '3.0.0' ],
139 silly audit   'node-releases': [ '2.0.10' ],
139 silly audit   'npm-run-path': [ '4.0.1' ],
139 silly audit   once: [ '1.4.0' ],
139 silly audit   onetime: [ '5.1.2' ],
139 silly audit   'p-limit': [ '3.1.0', '2.3.0' ],
139 silly audit   'p-try': [ '2.2.0' ],
139 silly audit   'parse-json': [ '5.2.0' ],
139 silly audit   'path-exists': [ '4.0.0' ],
139 silly audit   'p-locate': [ '4.1.0' ],
139 silly audit   'path-key': [ '3.1.1' ],
139 silly audit   'path-parse': [ '1.0.7' ],
139 silly audit   picocolors: [ '1.0.0' ],
139 silly audit   picomatch: [ '2.3.1' ],
139 silly audit   pirates: [ '4.0.5' ],
139 silly audit   'path-is-absolute': [ '1.0.1' ],
139 silly audit   'pkg-dir': [ '4.2.0' ],
139 silly audit   prompts: [ '2.4.2' ],
139 silly audit   'pure-rand': [ '6.0.1' ],
139 silly audit   'pretty-format': [ '29.5.0' ],
139 silly audit   'react-is': [ '18.2.0' ],
139 silly audit   'require-directory': [ '2.1.1' ],
139 silly audit   resolve: [ '1.22.1' ],
139 silly audit   'resolve-cwd': [ '3.0.0' ],
139 silly audit   'resolve.exports': [ '2.0.1' ],
139 silly audit   'resolve-from': [ '5.0.0' ],
139 silly audit   'shebang-command': [ '2.0.0' ],
139 silly audit   'signal-exit': [ '3.0.7' ],
139 silly audit   slash: [ '3.0.0' ],
139 silly audit   'source-map': [ '0.6.1' ],
139 silly audit   'sprintf-js': [ '1.0.3' ],
139 silly audit   'stack-utils': [ '2.0.6' ],
139 silly audit   'string-length': [ '4.0.2' ],
139 silly audit   'shebang-regex': [ '3.0.0' ],
139 silly audit   'strip-bom': [ '4.0.0' ],
139 silly audit   'strip-final-newline': [ '2.0.0' ],
139 silly audit   'strip-json-comments': [ '3.1.1' ],
139 silly audit   'supports-preserve-symlinks-flag': [ '1.0.0' ],
139 silly audit   sisteransi: [ '1.0.5' ],
139 silly audit   'test-exclude': [ '6.0.0' ],
139 silly audit   'to-fast-properties': [ '2.0.0' ],
139 silly audit   'to-regex-range': [ '5.0.1' ],
139 silly audit   'ts-jest': [ '29.1.0' ],
139 silly audit   'ts-node': [ '10.9.1' ],
139 silly audit   tmpl: [ '1.0.5' ],
139 silly audit   'type-detect': [ '4.0.8' ],
139 silly audit   'type-fest': [ '0.21.3' ],
139 silly audit   typescript: [ '5.0.4' ],
139 silly audit   'update-browserslist-db': [ '1.0.10' ],
139 silly audit   'v8-compile-cache-lib': [ '3.0.1' ],
139 silly audit   'v8-to-istanbul': [ '9.1.0' ],
139 silly audit   walker: [ '1.0.8' ],
139 silly audit   which: [ '2.0.2' ],
139 silly audit   'wrap-ansi': [ '7.0.0' ],
139 silly audit   wrappy: [ '1.0.2' ],
139 silly audit   'write-file-atomic': [ '4.0.2' ],
139 silly audit   y18n: [ '5.0.8' ],
139 silly audit   yargs: [ '17.7.1' ],
139 silly audit   'yargs-parser': [ '21.1.1' ],
139 silly audit   yarn: [ '1.22.19' ],
139 silly audit   yn: [ '3.1.1' ],
139 silly audit   'yocto-queue': [ '0.1.0' ],
139 silly audit   '@aws-cdk/asset-awscli-v1': [ '2.2.108' ],
139 silly audit   '@ampproject/remapping': [ '2.2.0' ],
139 silly audit   '@jridgewell/gen-mapping': [ '0.1.1', '0.3.2' ],
139 silly audit   '@aws-cdk/asset-kubectl-v20': [ '2.1.1' ],
139 silly audit   '@babel/code-frame': [ '7.18.6' ],
139 silly audit   '@aws-cdk/asset-node-proxy-agent-v5': [ '2.0.87' ],
139 silly audit   '@babel/compat-data': [ '7.21.0' ],
139 silly audit   '@babel/core': [ '7.21.3' ],
139 silly audit   '@babel/helper-environment-visitor': [ '7.18.9' ],
139 silly audit   '@babel/generator': [ '7.21.3' ],
139 silly audit   '@babel/helper-function-name': [ '7.21.0' ],
139 silly audit   '@babel/helper-module-transforms': [ '7.21.2' ],
139 silly audit   '@babel/helper-compilation-targets': [ '7.20.7' ],
139 silly audit   '@babel/helper-hoist-variables': [ '7.18.6' ],
139 silly audit   '@babel/helper-module-imports': [ '7.18.6' ],
139 silly audit   '@babel/helper-plugin-utils': [ '7.20.2' ],
139 silly audit   '@babel/helper-string-parser': [ '7.19.4' ],
139 silly audit   '@babel/helper-simple-access': [ '7.20.2' ],
139 silly audit   '@babel/helper-validator-identifier': [ '7.19.1' ],
139 silly audit   '@babel/helpers': [ '7.21.0' ],
139 silly audit   '@babel/helper-split-export-declaration': [ '7.18.6' ],
139 silly audit   '@babel/parser': [ '7.21.3' ],
139 silly audit   '@babel/plugin-syntax-async-generators': [ '7.8.4' ],
139 silly audit   '@babel/highlight': [ '7.18.6' ],
139 silly audit   '@babel/plugin-syntax-bigint': [ '7.8.3' ],
139 silly audit   '@babel/helper-validator-option': [ '7.21.0' ],
139 silly audit   '@babel/plugin-syntax-class-properties': [ '7.12.13' ],
139 silly audit   '@babel/plugin-syntax-import-meta': [ '7.10.4' ],
139 silly audit   '@babel/plugin-syntax-numeric-separator': [ '7.10.4' ],
139 silly audit   '@babel/plugin-syntax-nullish-coalescing-operator': [ '7.8.3' ],
139 silly audit   '@babel/plugin-syntax-logical-assignment-operators': [ '7.10.4' ],
139 silly audit   '@babel/plugin-syntax-object-rest-spread': [ '7.8.3' ],
139 silly audit   '@babel/plugin-syntax-optional-chaining': [ '7.8.3' ],
139 silly audit   '@babel/plugin-syntax-optional-catch-binding': [ '7.8.3' ],
139 silly audit   '@babel/plugin-syntax-json-strings': [ '7.8.3' ],
139 silly audit   '@babel/plugin-syntax-typescript': [ '7.20.0' ],
139 silly audit   '@babel/template': [ '7.20.7' ],
139 silly audit   '@babel/plugin-syntax-top-level-await': [ '7.14.5' ],
139 silly audit   '@babel/types': [ '7.21.3' ],
139 silly audit   '@bcoe/v8-coverage': [ '0.2.3' ],
139 silly audit   '@cspotcode/source-map-support': [ '0.8.1' ],
139 silly audit   '@jridgewell/trace-mapping': [ '0.3.9', '0.3.17' ],
139 silly audit   '@babel/traverse': [ '7.21.3' ],
139 silly audit   '@istanbuljs/load-nyc-config': [ '1.1.0' ],
139 silly audit   '@istanbuljs/schema': [ '0.1.3' ],
139 silly audit   '@jest/expect': [ '29.5.0' ],
139 silly audit   '@jest/core': [ '29.5.0' ],
139 silly audit   '@jest/console': [ '29.5.0' ],
139 silly audit   '@jest/environment': [ '29.5.0' ],
139 silly audit   '@jest/expect-utils': [ '29.5.0' ],
139 silly audit   '@jest/globals': [ '29.5.0' ],
139 silly audit   '@jest/fake-timers': [ '29.5.0' ],
139 silly audit   '@jest/reporters': [ '29.5.0' ],
139 silly audit   '@jest/test-sequencer': [ '29.5.0' ],
139 silly audit   '@jest/source-map': [ '29.4.3' ],
139 silly audit   '@jest/transform': [ '29.5.0' ],
139 silly audit   '@jest/schemas': [ '29.4.3' ],
139 silly audit   '@jest/types': [ '29.5.0' ],
139 silly audit   '@jridgewell/sourcemap-codec': [ '1.4.14' ],
139 silly audit   '@jridgewell/resolve-uri': [ '3.1.0' ],
139 silly audit   '@jridgewell/set-array': [ '1.1.2' ],
139 silly audit   '@sinonjs/commons': [ '2.0.0' ],
139 silly audit   '@sinonjs/fake-timers': [ '10.0.2' ],
139 silly audit   '@tsconfig/node12': [ '1.0.11' ],
139 silly audit   '@tsconfig/node10': [ '1.0.9' ],
139 silly audit   '@sinclair/typebox': [ '0.25.24' ],
139 silly audit   '@tsconfig/node14': [ '1.0.3' ],
139 silly audit   '@tsconfig/node16': [ '1.0.3' ],
139 silly audit   '@types/babel__template': [ '7.4.1' ],
139 silly audit   '@types/babel__traverse': [ '7.18.3' ],
139 silly audit   '@types/istanbul-lib-report': [ '3.0.0' ],
139 silly audit   '@types/istanbul-lib-coverage': [ '2.0.4' ],
139 silly audit   '@types/istanbul-reports': [ '3.0.1' ],
139 silly audit   '@jest/test-result': [ '29.5.0' ],
139 silly audit   '@types/js-yaml': [ '4.0.5' ],
139 silly audit   '@types/babel__core': [ '7.20.0' ],
139 silly audit   '@types/prettier': [ '2.7.2' ],
139 silly audit   '@types/jest': [ '29.5.1' ],
139 silly audit   '@types/stack-utils': [ '2.0.1' ],
139 silly audit   '@types/yargs-parser': [ '21.0.0' ],
139 silly audit   '@types/yargs': [ '17.0.22' ],
139 silly audit   '@types/babel__generator': [ '7.6.4' ],
139 silly audit   '@types/graceful-fs': [ '4.1.6' ],
139 silly audit   '@babel/plugin-syntax-jsx': [ '7.18.6' ],
139 silly audit   ajv: [ '8.12.0' ],
139 silly audit   'at-least-node': [ '1.0.0' ],
139 silly audit   'astral-regex': [ '2.0.0' ],
139 silly audit   'fast-deep-equal': [ '3.1.3' ],
139 silly audit   'fs-extra': [ '9.1.0' ],
139 silly audit   ignore: [ '5.2.4' ],
139 silly audit   jsonfile: [ '6.1.0' ],
139 silly audit   jsonschema: [ '1.4.1' ],
139 silly audit   'lodash.truncate': [ '4.4.2' ],
139 silly audit   table: [ '6.8.1' ],
139 silly audit   case: [ '1.6.3' ],
139 silly audit   universalify: [ '2.0.0' ],
139 silly audit   yaml: [ '1.10.2' ],
139 silly audit   'json-schema-traverse': [ '1.0.0' ],
139 silly audit   punycode: [ '2.3.0' ],
139 silly audit   'require-from-string': [ '2.0.2' ],
139 silly audit   'slice-ansi': [ '4.0.0' ],
139 silly audit   'uri-js': [ '4.4.1' ],
139 silly audit   '@balena/dockerignore': [ '1.0.2' ]
139 silly audit }
140 timing reify:unpack Completed in 1ms
141 timing reify:unretire Completed in 0ms
142 timing build:queue Completed in 0ms
143 timing build:deps Completed in 0ms
144 timing build Completed in 1ms
145 timing reify:build Completed in 1ms
146 http fetch POST 200 https://registry.npmjs.org/-/npm/v1/security/advisories/bulk 373ms
147 timing auditReport:getReport Completed in 375ms
148 silly audit report {}
149 timing auditReport:init Completed in 0ms
150 timing reify:audit Completed in 376ms
151 timing reify:trash Completed in 650ms
152 timing command:install Completed in 1295ms
153 notice
153 notice New [31mmajor[39m version of npm available! [31m8.19.2[39m -> [32m9.7.1[39m
153 notice Changelog: [36mhttps://github.com/npm/cli/releases/tag/v9.7.1[39m
153 notice Run [32mnpm install -g npm@9.7.1[39m to update!
153 notice
154 verbose stack Error: process terminated
154 verbose stack     at /Users/david/.nvm/versions/node/v18.12.1/lib/node_modules/npm/node_modules/@npmcli/arborist/lib/arborist/reify.js:199:39
154 verbose stack     at process.<anonymous> (/Users/david/.nvm/versions/node/v18.12.1/lib/node_modules/npm/node_modules/@npmcli/arborist/lib/signal-handling.js:53:5)
154 verbose stack     at process.emit (node:events:525:35)
155 verbose cwd /Users/david/projects/kcms-bootstrap
156 verbose Darwin 22.5.0
157 verbose node v18.12.1
158 verbose npm  v8.19.2
159 error process terminated
160 error signal SIGINT
161 verbose exit 1
162 timing npm Completed in 1349ms
163 verbose unfinished npm timer reify 1686828029004
164 verbose code 1
165 error A complete log of this run can be found in:
165 error     /Users/david/projects/kcms-bootstrap/npm-cache/_logs/2023-06-15T11_20_28_950Z-debug-0.log
